Running on 4 nodes with 80(x4) cores each.
Each node has 90000 of memory allocated to this job.
Rank 130 has coordinate 3 1 0.
Rank 91 has coordinate 2 1 1.
Rank 132 has coordinate 3 1 2.
Rank 136 has coordinate 3 1 6.
Rank 139 has coordinate 3 1 9.
Rank 146 has coordinate 3 2 6.
Rank 147 has coordinate 3 2 7.
Rank 94 has coordinate 2 1 4.
Rank 148 has coordinate 3 2 8.
Rank 104 has coordinate 2 2 4.
Rank 149 has coordinate 3 2 9.
Rank 107 has coordinate 2 2 7.
Rank 150 has coordinate 3 3 0.
Rank 112 has coordinate 2 3 2.
Rank 153 has coordinate 3 3 3.
Rank 114 has coordinate 2 3 4.
Rank 154 has coordinate 3 3 4.
Rank 115 has coordinate 2 3 5.
Rank 155 has coordinate 3 3 5.
Rank 118 has coordinate 2 3 8.
Rank 156 has coordinate 3 3 6.
Rank 85 has coordinate 2 0 5.
Rank 157 has coordinate 3 3 7.
Rank 96 has coordinate 2 1 6.
Rank 158 has coordinate 3 3 8.
Rank 97 has coordinate 2 1 7.
Rank 159 has coordinate 3 3 9.
Rank 98 has coordinate 2 1 8.
Rank 120 has coordinate 3 0 0.
Rank 99 has coordinate 2 1 9.
Rank 121 has coordinate 3 0 1.
Rank 100 has coordinate 2 2 0.
Rank 122 has coordinate 3 0 2.
Rank 101 has coordinate 2 2 1.
Rank 123 has coordinate 3 0 3.
Rank 102 has coordinate 2 2 2.
Rank 124 has coordinate 3 0 4.
Rank 103 has coordinate 2 2 3.
Rank 125 has coordinate 3 0 5.
Rank 105 has coordinate 2 2 5.
Rank 126 has coordinate 3 0 6.
Rank 106 has coordinate 2 2 6.
Rank 127 has coordinate 3 0 7.
Rank 108 has coordinate 2 2 8.
Rank 128 has coordinate 3 0 8.
Rank 109 has coordinate 2 2 9.
Rank 129 has coordinate 3 0 9.
Rank 110 has coordinate 2 3 0.
Rank 131 has coordinate 3 1 1.
Rank 111 has coordinate 2 3 1.
Rank 133 has coordinate 3 1 3.
Rank 113 has coordinate 2 3 3.
Rank 134 has coordinate 3 1 4.
Rank 116 has coordinate 2 3 6.
Rank 135 has coordinate 3 1 5.
Rank 117 has coordinate 2 3 7.
Rank 137 has coordinate 3 1 7.
Rank 119 has coordinate 2 3 9.
Rank 138 has coordinate 3 1 8.
Rank 80 has coordinate 2 0 0.
Rank 140 has coordinate 3 2 0.
Rank 81 has coordinate 2 0 1.
Rank 141 has coordinate 3 2 1.
Rank 82 has coordinate 2 0 2.
Rank 14 has coordinate 0 1 4.
Rank 16 has coordinate 0 1 6.
Rank 18 has coordinate 0 1 8.
Rank 21 has coordinate 0 2 1.
Rank 23 has coordinate 0 2 3.
Rank 27 has coordinate 0 2 7.
Rank 28 has coordinate 0 2 8.
Rank 33 has coordinate 0 3 3.
Rank 34 has coordinate 0 3 4.
Rank 35 has coordinate 0 3 5.
Rank 37 has coordinate 0 3 7.
Rank 38 has coordinate 0 3 8.
Rank 39 has coordinate 0 3 9.
Rank 6 has coordinate 0 0 6.
Rank 142 has coordinate 3 2 2.
Rank 83 has coordinate 2 0 3.
Rank 26 has coordinate 0 2 6.
Rank 29 has coordinate 0 2 9.
Rank 30 has coordinate 0 3 0.
Rank 31 has coordinate 0 3 1.
Rank 32 has coordinate 0 3 2.
Rank 36 has coordinate 0 3 6.
Rank 0 has coordinate 0 0 0.
Rank 1 has coordinate 0 0 1.
Rank 2 has coordinate 0 0 2.
Rank 3 has coordinate 0 0 3.
Rank 4 has coordinate 0 0 4.
Rank 5 has coordinate 0 0 5.
Rank 7 has coordinate 0 0 7.
Rank 8 has coordinate 0 0 8.
Rank 9 has coordinate 0 0 9.
Rank 10 has coordinate 0 1 0.
Rank 11 has coordinate 0 1 1.
Rank 12 has coordinate 0 1 2.
Rank 13 has coordinate 0 1 3.
Rank 15 has coordinate 0 1 5.
Rank 17 has coordinate 0 1 7.
Rank 19 has coordinate 0 1 9.
Rank 20 has coordinate 0 2 0.
Rank 22 has coordinate 0 2 2.
Rank 24 has coordinate 0 2 4.
Rank 25 has coordinate 0 2 5.
Rank 143 has coordinate 3 2 3.
Rank 84 has coordinate 2 0 4.
Rank 61 has coordinate 1 2 1.
Rank 144 has coordinate 3 2 4.
Rank 86 has coordinate 2 0 6.
Rank 62 has coordinate 1 2 2.
Rank 151 has coordinate 3 3 1.
Rank 87 has coordinate 2 0 7.
Rank 65 has coordinate 1 2 5.
Rank 152 has coordinate 3 3 2.
Rank 88 has coordinate 2 0 8.
Rank 66 has coordinate 1 2 6.
Rank 145 has coordinate 3 2 5.
Rank 89 has coordinate 2 0 9.
Rank 67 has coordinate 1 2 7.
Rank 90 has coordinate 2 1 0.
Rank 68 has coordinate 1 2 8.
Rank 92 has coordinate 2 1 2.
Rank 70 has coordinate 1 3 0.
Rank 93 has coordinate 2 1 3.
Rank 72 has coordinate 1 3 2.
Rank 95 has coordinate 2 1 5.
Rank 73 has coordinate 1 3 3.
Rank 74 has coordinate 1 3 4.
Rank 75 has coordinate 1 3 5.
Rank 76 has coordinate 1 3 6.
Rank 77 has coordinate 1 3 7.
Rank 78 has coordinate 1 3 8.
Rank 79 has coordinate 1 3 9.
Rank 42 has coordinate 1 0 2.
Rank 43 has coordinate 1 0 3.
Rank 45 has coordinate 1 0 5.
Rank 50 has coordinate 1 1 0.
Rank 52 has coordinate 1 1 2.
Rank 53 has coordinate 1 1 3.
Rank 58 has coordinate 1 1 8.
Rank 59 has coordinate 1 1 9.
Rank 63 has coordinate 1 2 3.
Rank 64 has coordinate 1 2 4.
Rank 69 has coordinate 1 2 9.
Rank 71 has coordinate 1 3 1.
Rank 40 has coordinate 1 0 0.
Rank 41 has coordinate 1 0 1.
Rank 44 has coordinate 1 0 4.
Rank 46 has coordinate 1 0 6.
Rank 47 has coordinate 1 0 7.
Rank 48 has coordinate 1 0 8.
Rank 49 has coordinate 1 0 9.
Rank 51 has coordinate 1 1 1.
Rank 54 has coordinate 1 1 4.
Rank 55 has coordinate 1 1 5.
Rank 56 has coordinate 1 1 6.
Rank 57 has coordinate 1 1 7.
Rank 60 has coordinate 1 2 0.
0 atoms for rank 9
250 atoms for rank 10
250 atoms for rank 11
250 atoms for rank 12
250 atoms for rank 13
250 atoms for rank 14
250 atoms for rank 15
250 atoms for rank 16
250 atoms for rank 17
250 atoms for rank 19
250 atoms for rank 18
300 atoms for rank 20
300 atoms for rank 21
300 atoms for rank 22
300 atoms for rank 24
0 atoms for rank 6
300 atoms for rank 23
300 atoms for rank 27
300 atoms for rank 26
300 atoms for rank 29
0 atoms for rank 30
0 atoms for rank 31
300 atoms for rank 28
0 atoms for rank 33
0 atoms for rank 34
0 atoms for rank 32
0 atoms for rank 35
0 atoms for rank 37
0 atoms for rank 38
300 atoms for rank 25
0 atoms for rank 36
0 atoms for rank 0
0 atoms for rank 1
0 atoms for rank 2
0 atoms for rank 3
0 atoms for rank 4
0 atoms for rank 39
0 atoms for rank 5
0 atoms for rank 7
0 atoms for rank 8
300 atoms for rank 133
300 atoms for rank 134
700 atoms for rank 109
310 atoms for rank 74
Step,Time,Total Energy,Potential,Kinetic,Temperature,Strain,Stress
300 atoms for rank 132
330 atoms for rank 110
310 atoms for rank 75
300 atoms for rank 135
700 atoms for rank 107
310 atoms for rank 76
300 atoms for rank 137
330 atoms for rank 111
310 atoms for rank 77
300 atoms for rank 136
330 atoms for rank 112
310 atoms for rank 78
300 atoms for rank 138
330 atoms for rank 114
700 atoms for rank 60
350 atoms for rank 140
330 atoms for rank 113
310 atoms for rank 71
350 atoms for rank 141
330 atoms for rank 116
240 atoms for rank 40
350 atoms for rank 142
330 atoms for rank 115
310 atoms for rank 79
350 atoms for rank 143
330 atoms for rank 117
240 atoms for rank 42
10 atoms for rank 152
700 atoms for rank 95
240 atoms for rank 41
300 atoms for rank 139
330 atoms for rank 119
240 atoms for rank 43
350 atoms for rank 146
260 atoms for rank 80
240 atoms for rank 44
350 atoms for rank 147
260 atoms for rank 81
240 atoms for rank 46
350 atoms for rank 148
260 atoms for rank 82
240 atoms for rank 47
350 atoms for rank 149
260 atoms for rank 83
240 atoms for rank 48
350 atoms for rank 144
330 atoms for rank 118
240 atoms for rank 45
10 atoms for rank 151
260 atoms for rank 84
240 atoms for rank 49
10 atoms for rank 150
260 atoms for rank 86
700 atoms for rank 50
10 atoms for rank 153
260 atoms for rank 87
700 atoms for rank 52
10 atoms for rank 154
260 atoms for rank 88
700 atoms for rank 51
10 atoms for rank 155
260 atoms for rank 89
700 atoms for rank 54
10 atoms for rank 156
700 atoms for rank 90
700 atoms for rank 55
10 atoms for rank 157
700 atoms for rank 92
700 atoms for rank 56
10 atoms for rank 158
700 atoms for rank 91
700 atoms for rank 53
350 atoms for rank 145
700 atoms for rank 93
700 atoms for rank 58
10 atoms for rank 159
260 atoms for rank 85
700 atoms for rank 57
0 atoms for rank 120
700 atoms for rank 96
700 atoms for rank 61
0 atoms for rank 121
700 atoms for rank 97
700 atoms for rank 59
0 atoms for rank 122
700 atoms for rank 98
700 atoms for rank 63
0 atoms for rank 123
700 atoms for rank 99
700 atoms for rank 62
0 atoms for rank 124
700 atoms for rank 100
700 atoms for rank 65
0 atoms for rank 125
700 atoms for rank 101
700 atoms for rank 66
0 atoms for rank 126
700 atoms for rank 102
700 atoms for rank 67
0 atoms for rank 127
700 atoms for rank 94
700 atoms for rank 64
0 atoms for rank 128
700 atoms for rank 103
700 atoms for rank 68
0 atoms for rank 129
700 atoms for rank 105
700 atoms for rank 69
300 atoms for rank 130
700 atoms for rank 104
310 atoms for rank 70
300 atoms for rank 131
700 atoms for rank 106
310 atoms for rank 72
700 atoms for rank 108
310 atoms for rank 73
0,0,-10424.77453,-10425.0798,0.3052670148,0.04585730234,0,0.006562869735
1600,8000,-10352.71028,-10434.42608,81.71579588,12.27537132,0,0.003679922463
3200,16000,-10348.73033,-10432.8942,84.16387668,12.64312275,0,0.003823896676
4800,24000,-10351.43363,-10432.72957,81.29594817,12.21230167,0,0.003768966684
6400,32000,-10335.5823,-10433.94663,98.36433059,14.77631918,0,0.003142935748
8000,40000,-10350.17576,-10436.91748,86.74171497,13.03036639,0,0.002455994147
9600,48000,-10354.90622,-10436.78601,81.8797921,12.30000688,0,0.001582349855
11200,56000,-10357.03151,-10431.49157,74.46005163,11.18541124,0.008318903308,0.003584707048
12800,64000,-10342.23795,-10425.23833,83.0003825,12.4683423,0.01941077439,0.004844416344
14400,72000,-9895.877181,-9978.9016,83.02441914,12.47195309,0.03050264546,0.006247909387
16000,80000,-9891.688755,-9966.926129,75.23737403,11.30218085,0.04159451654,0.006650936722
17600,88000,-9868.070999,-9954.160753,86.08975411,12.93242863,0.05268638762,0.008600292898
19200,96000,-9855.815251,-9942.346376,86.53112485,12.99873147,0.0637782587,0.009747574884
20800,104000,-9630.110907,-9954.694944,324.5840368,48.75911116,0.07487012977,0.004506558944
22400,112000,-9586.462334,-9978.250318,391.7879841,58.85450824,0.08596200085,0.004749232872
24000,120000,-9760.186161,-10174.33857,414.1524047,62.21409819,0.09705387193,0.004775287412
25600,128000,-9756.379047,-10190.86403,434.4849825,65.26846412,0.108145743,0.004726225888
27200,136000,-10517.03004,-10980.75115,463.7211178,69.66032512,0.1192376141,0.004525781277
28800,144000,-10883.34137,-11380.42289,497.0815176,74.67173435,0.1303294852,0.003969318828
30400,152000,-11277.39906,-11822.08237,544.6833118,81.82249012,0.1414213562,0.004415687375
32000,160000,-11619.33572,-12178.46808,559.1323599,83.99303046,0.1525132273,0.005055718955
33600,168000,-11745.79487,-12351.65046,605.8555837,91.01180712,0.1636050984,0.004824536822
35200,176000,-11419.17888,-12059.58249,640.4036138,96.20162255,0.1746969695,0.004779611294
36800,184000,-11332.84644,-12003.74613,670.8996964,100.7827532,0.1857888406,0.004813801369
38400,192000,-10391.66811,-11093.75991,702.0918078,105.4684415,0.1968807116,0.004652813512
40000,200000,-9390.60439,-10127.73009,737.1256954,110.7312426,0.2079725827,0.004052764416
41600,208000,-9247.358757,-10014.41011,767.0513486,115.2266832,0.2190644538,0.004272796188
43200,216000,-8860.752459,-9654.192812,793.4403523,119.1908472,0.2301563249,0.004187004792
44800,224000,-8605.747845,-9423.115704,817.3678588,122.7852444,0.2412481959,0.004533319033
46400,232000,-9072.87011,-9913.792497,840.9223868,126.3236126,0.252340067,0.00462190248
48000,240000,-9624.445654,-10491.89528,867.4496301,130.3085431,0.2634319381,0.004804299508
49600,248000,-9892.075562,-10788.98076,896.9052022,134.7333679,0.2745238092,0.004254961074
51200,256000,-9910.366339,-10828.30217,917.935829,137.892595,0.2856156802,0.004703313086
52800,264000,-9791.624212,-10733.497,941.8727865,141.4884119,0.2967075513,0.004904550301
54400,272000,-9612.725949,-10609.53138,996.8054295,149.74041,0.3077994224,0.004644834747
56000,280000,-9034.229835,-10045.47419,1011.244353,151.9094294,0.3188912935,0.004630548835
57600,288000,-8291.203945,-9352.531561,1061.327616,159.4329522,0.3299831646,0.004018881318
59200,296000,-7639.229159,-8723.084682,1083.855523,162.8171011,0.3410750356,0.004026522761
60800,304000,-7715.777481,-8824.250382,1108.472901,166.5151309,0.3521669067,0.004541880383
62400,312000,-7833.086734,-8993.149932,1160.063198,174.2650409,0.3632587778,0.004156535681
64000,320000,-8076.956527,-9258.382617,1181.426089,177.4741808,0.3743506489,0.003753549274
65600,328000,-8147.128437,-9349.268978,1202.14054,180.5859118,0.3854425199,0.004119541598
67200,336000,-8621.71524,-9853.650775,1231.935535,185.0617248,0.396534391,0.004361999531
68800,344000,-9114.114776,-10344.95418,1230.839405,184.8970638,0.4076262621,0.004872048626
70400,352000,-9370.255435,-10643.82143,1273.56599,191.3154643,0.4187181332,0.004242563018
72000,360000,-9127.688616,-10435.13107,1307.442455,196.404397,0.4298100043,0.004533691811
73600,368000,-8701.243083,-10030.66147,1329.418388,199.7056282,0.4409018753,0.004486162258
75200,376000,-8507.508352,-9873.773586,1366.265234,205.2407724,0.4519937464,0.004306419731
76800,384000,-8187.437364,-9580.873742,1393.436378,209.3224298,0.4630856175,0.004274145973
78400,392000,-7744.99865,-9144.336551,1399.337901,210.2089583,0.4741774886,0.004790930613
80000,400000,-7387.39567,-8805.276739,1417.881069,212.9945186,0.4852693596,0.004797040092
81600,408000,-6838.68506,-8297.457504,1458.772444,219.1372331,0.4963612307,0.004595402621
83200,416000,-6562.121393,-8073.47972,1511.358328,227.0367004,0.5074531018,0.003997323673
84800,424000,-7093.633211,-8636.517086,1542.883876,231.7724776,0.5185449729,0.003754045992
86400,432000,-7234.979618,-8804.414603,1569.434985,235.7609932,0.529636844,0.003741906769
88000,440000,-7684.767436,-9266.067545,1581.300109,237.5433756,0.540728715,0.003786601724
89600,448000,-7674.232976,-9277.569966,1603.33699,240.8537625,0.5518205861,0.003985126776
91200,456000,-7651.438548,-9271.714744,1620.276196,243.3983752,0.5629124572,0.004140759454
92800,464000,-7846.71803,-9494.4643,1647.746271,247.524938,0.5740043283,0.004464116767
94400,472000,-8246.924556,-9910.96947,1664.044914,249.973325,0.5850961993,0.004365671208
96000,480000,-8441.943366,-10137.86304,1695.919678,254.7615616,0.5961880704,0.004172762535
97600,488000,-8306.093659,-10040.48772,1734.394063,260.5411952,0.6072799415,0.003694603668
99200,496000,-8485.164942,-10257.56246,1772.397522,266.2500862,0.6183718126,0.003533982394
100800,504000,-7678.225932,-9491.904925,1813.678993,272.4514012,0.6294636837,0.003105466774
102400,512000,-7462.903133,-9298.797417,1835.894283,275.7885887,0.6405555547,0.003242808914
104000,520000,-7269.525577,-9133.66856,1864.142983,280.0321169,0.6516474258,0.003271239698
105600,528000,-7435.798653,-9311.068823,1875.27017,281.7036462,0.6627392969,0.003226023332
107200,536000,-7434.603165,-9343.543576,1908.94041,286.7615998,0.673831168,0.002982959494
108800,544000,-7638.220971,-9546.40905,1908.188079,286.6485844,0.684923039,0.003393695345
110400,552000,-7378.097907,-9323.517273,1945.419366,292.2414794,0.6960149101,0.003400656506
112000,560000,-7288.04628,-9243.9866,1955.940319,293.8219402,0.7071067812,0.003281887114
113600,568000,-7253.080441,-9231.492227,1978.411786,297.1976106,0.7181986523,0.002974222538
115200,576000,-7488.75604,-9506.550772,2017.794732,303.1137286,0.7292905234,0.002792787422
116800,584000,-7768.245477,-9806.313656,2038.068179,306.1592119,0.7403823944,0.002668475047
118400,592000,-8408.12936,-10452.73832,2044.608958,307.1417696,0.7514742655,0.002621504187
120000,600000,-8585.063073,-10642.13584,2057.072768,309.0140869,0.7625661366,0.002787939996
121600,608000,-8713.596151,-10788.77172,2075.17557,311.7334953,0.7736580077,0.002809761072
123200,616000,-8710.729984,-10802.13855,2091.408569,314.1720212,0.7847498787,0.0029412304
124800,624000,-8664.934454,-10782.74404,2117.809581,318.1379892,0.7958417498,0.002809126495
126400,632000,-8480.931594,-10613.78155,2132.849952,320.3973582,0.8069336209,0.002583031448
128000,640000,-8724.976104,-10898.86116,2173.885054,326.5616635,0.818025492,0.002093984925
129600,648000,-8944.498935,-11131.07843,2186.579496,328.4686263,0.8291173631,0.00175231841
131200,656000,-9070.23288,-11268.33273,2198.099852,330.1992177,0.8402092341,0.00172857524
132800,664000,-8819.341294,-11026.30023,2206.958938,331.5300322,0.8513011052,0.001835990362
134400,672000,-8521.856945,-10768.61862,2246.761676,337.5092114,0.8623929763,0.001680667817
136000,680000,-8293.536249,-10536.21554,2242.679288,336.8959539,0.8734848474,0.001513170348
137600,688000,-8015.480887,-10291.38177,2275.900881,341.8865115,0.8845767184,0.001221630042
139200,696000,-7557.074126,-9852.886876,2295.812751,344.8776786,0.8956685895,0.001140987274
140800,704000,-7287.54717,-9591.600819,2304.05365,346.1357921,0.9067604606,0.000762862395
142400,712000,-7047.173527,-9368.757804,2321.584277,348.7964942,0.9178523317,0.0006426289943
144000,720000,-7124.836092,-9441.810568,2316.974476,348.1241961,0.9289442027,0.0004313248505
145600,728000,-7189.067223,-9522.496705,2333.429482,350.6850919,0.9400360738,0.00043096688
147200,736000,-7185.227104,-9504.91581,2319.688706,348.6742132,0.9511279449,0.0003580520482
148800,744000,-6979.290484,-9310.678676,2331.388192,350.4872496,0.962219816,0.0006029887151
150400,752000,-6852.780785,-9185.752523,2332.971738,350.807114,0.9733116871,0.000733186298
152000,760000,-6784.866341,-9111.583288,2326.716947,349.9414049,0.9844035581,0.000842709043
153600,768000,-6709.126818,-9050.934737,2341.807919,352.3755194,0.9954954292,0.0006612672642
155200,776000,-6480.514085,-8833.313341,2352.799256,354.2016333,1.0065873,0.0003431912982
156800,784000,-6189.036543,-8552.288527,2363.251984,356.1494818,1.017679171,0.0004180547818

============================= JOB FEEDBACK =============================

NodeName=uc2n[009-012]
Job ID: 22567982
Cluster: uc2
User/Group: fr_jf463/fr_fr
State: TIMEOUT (exit code 0)
Nodes: 4
Cores per node: 80
CPU Utilized: 39-20:18:28
CPU Efficiency: 37.33% of 106-17:41:20 core-walltime
Job Wall-clock time: 08:00:19
Memory Utilized: 152.38 GB (estimated maximum)
Memory Efficiency: 43.34% of 351.56 GB (87.89 GB/node)
