Running on 1 nodes with 80 cores each.
Each node has 90000 of memory allocated to this job.
Rank 9 has coordinate 0 0 9.
Rank 10 has coordinate 0 1 0.
Rank 17 has coordinate 0 1 7.
Rank 20 has coordinate 1 0 0.
Rank 21 has coordinate 1 0 1.
Rank 24 has coordinate 1 0 4.
Rank 27 has coordinate 1 0 7.
Rank 28 has coordinate 1 0 8.
Rank 30 has coordinate 1 1 0.
Rank 33 has coordinate 1 1 3.
Rank 34 has coordinate 1 1 4.
Rank 36 has coordinate 1 1 6.
Rank 38 has coordinate 1 1 8.
Rank 16 has coordinate 0 1 6.
Rank 18 has coordinate 0 1 8.
Rank 19 has coordinate 0 1 9.
Rank 22 has coordinate 1 0 2.
Rank 23 has coordinate 1 0 3.
Rank 25 has coordinate 1 0 5.
Rank 26 has coordinate 1 0 6.
Rank 29 has coordinate 1 0 9.
Rank 31 has coordinate 1 1 1.
Rank 32 has coordinate 1 1 2.
Rank 35 has coordinate 1 1 5.
Rank 37 has coordinate 1 1 7.
Rank 39 has coordinate 1 1 9.
Rank 0 has coordinate 0 0 0.
Rank 1 has coordinate 0 0 1.
Rank 2 has coordinate 0 0 2.
Rank 3 has coordinate 0 0 3.
Rank 4 has coordinate 0 0 4.
Rank 5 has coordinate 0 0 5.
Rank 6 has coordinate 0 0 6.
Rank 7 has coordinate 0 0 7.
Rank 8 has coordinate 0 0 8.
Rank 11 has coordinate 0 1 1.
Rank 12 has coordinate 0 1 2.
Rank 13 has coordinate 0 1 3.
Rank 14 has coordinate 0 1 4.
Rank 15 has coordinate 0 1 5.
1310 atoms for rank 12
1310 atoms for rank 13
1310 atoms for rank 14
1390 atoms for rank 38
1310 atoms for rank 10
1310 atoms for rank 16
1310 atoms for rank 18
1310 atoms for rank 17
1260 atoms for rank 20
1310 atoms for rank 19
1260 atoms for rank 22
1260 atoms for rank 21
1260 atoms for rank 23
1260 atoms for rank 25
1260 atoms for rank 24
1260 atoms for rank 27
1260 atoms for rank 26
1260 atoms for rank 28
1260 atoms for rank 29
1390 atoms for rank 31
1390 atoms for rank 30
1390 atoms for rank 33
1390 atoms for rank 32
1390 atoms for rank 34
1390 atoms for rank 35
1390 atoms for rank 36
1390 atoms for rank 37
1310 atoms for rank 15
1390 atoms for rank 39
1190 atoms for rank 0
1190 atoms for rank 1
1190 atoms for rank 2
1190 atoms for rank 3
1190 atoms for rank 4
1190 atoms for rank 5
1190 atoms for rank 6
1190 atoms for rank 7
1190 atoms for rank 9
1190 atoms for rank 8
1310 atoms for rank 11
Step,Time,Total Energy,Potential,Kinetic,Temperature,Strain,Stress
0,0,-34227.01701,-34227.32228,0.3052670148,0.04585730234,0,0.006218001005
600,3000,-34180.37799,-34237.02178,56.64378999,8.509047086,0,0.003057706009
1200,6000,-34174.47656,-34242.01382,67.53726149,10.14546764,0,0.00220498861
1800,9000,-34184.82131,-34243.63749,58.81617163,8.835382907,0,0.0004555919797
2400,12000,-34179.92582,-34243.6108,63.68498378,9.566777324,0,0.001317347988
3000,15000,-34151.66834,-34241.73536,90.06701594,13.52989409,0,0.001635444201
3600,18000,-34148.15787,-34238.18574,90.02786917,13.52401345,0,0.003521327449
4200,21000,-34163.80111,-34239.33275,75.53164308,11.34638603,0,0.003209834776
4800,24000,-34156.99883,-34238.29478,81.29594817,12.21230167,0,0.003452542015
5400,27000,-34155.34308,-34239.85196,84.50888238,12.69494961,0,0.002026931942
6000,30000,-34153.98085,-34242.33953,88.35868374,13.27326792,0,0.0008215181142
6600,33000,-34163.64797,-34248.04675,84.39877785,12.67840967,0,0.0005838751059
7200,36000,-34149.06291,-34243.04942,93.98650895,14.1186815,0,0.001732835038
7800,39000,-34148.21878,-34233.89374,85.67496475,12.87011885,0,0.003263900599
8400,42000,-34156.76214,-34235.12606,78.36392165,11.77185177,0,0.003623357951
9000,45000,-34153.65126,-34238.23205,84.5807855,12.70575091,0,0.003073828672
9600,48000,-34161.251,-34243.13079,81.87979211,12.30000688,0,0.001408125207
10200,51000,-34172.42729,-34243.94449,71.51720162,10.74333543,0.0006932419423,0.001237234216
10800,54000,-34153.94936,-34238.44618,84.49682109,12.69313775,0.002772967769,0.001352621442
11400,57000,-34159.67805,-34234.03221,74.35415849,11.16950394,0.004852693596,0.002981438269
12000,60000,-34140.36452,-34233.21016,92.84563787,13.94729951,0.006932419423,0.004317566852
12600,63000,-34149.19714,-34225.28188,76.08474369,11.42947297,0.00901214525,0.005953288938
13200,66000,-34136.28656,-34218.66998,82.3834169,12.37566154,0.01109187108,0.006159656846
13800,69000,-34143.26187,-34219.51115,76.24927953,11.45418959,0.0131715969,0.004627160377
14400,72000,-34231.23929,-34308.65261,77.41331761,11.62905174,0.01525132273,0.00400789847
15000,75000,-34146.38314,-34217.39784,71.0146952,10.66784877,0.01733104856,0.004287666832
15600,78000,-34383.30721,-34467.99165,84.68444184,12.7213222,0.01941077439,0.005678735418
16200,81000,-34637.95015,-34723.02,85.06984826,12.77921807,0.02149050021,0.007684938543
16800,84000,-34733.18971,-34814.30711,81.11740005,12.18548011,0.02357022604,0.008569970203
17400,87000,-35376.90906,-35455.31375,78.40469193,11.77797629,0.02564995187,0.008023025382
18000,90000,-33879.68506,-33970.76031,91.07525266,13.68135171,0.02772967769,0.006190862187
18600,93000,-33895.20125,-33969.92309,74.72183462,11.22473636,0.02980940352,0.005899059326
19200,96000,-33873.16475,-33959.94172,86.77696873,13.03566222,0.03188912935,0.007266373072
19800,99000,-33869.02824,-33951.85144,82.82320573,12.44172676,0.03396885517,0.009019818067
20400,102000,-33874.32187,-33939.39699,65.07511383,9.775603078,0.036048581,0.00973339145
21000,105000,-33856.38029,-33940.30815,83.92786087,12.60766838,0.03812830683,0.009378903194
21600,108000,-33857.9168,-33938.79788,80.88108846,12.14998132,0.04020803266,0.008185951443
22200,111000,-33858.58473,-33933.84569,75.26096732,11.30572504,0.04228775848,0.007340595768
22800,114000,-33851.49553,-33926.47408,74.97855809,11.26330144,0.04436748431,0.008158941232
23400,117000,-33829.61637,-33918.05056,88.43419005,13.2846105,0.04644721014,0.009622826075
24000,120000,-33829.42764,-33910.00751,80.57987145,12.10473241,0.04852693596,0.01028816718
24600,123000,-33814.79866,-33902.99509,88.19643591,13.248895,0.05060666179,0.01065599482
25200,126000,-33815.47237,-33903.43827,87.9659054,13.21426464,0.05268638762,0.009232685272
25800,129000,-33828.92773,-33897.89858,68.97085437,10.36082239,0.05476611344,0.00823676904
26400,132000,-33812.5033,-33890.57421,78.0709045,11.72783464,0.05684583927,0.008518811209
27000,135000,-33803.30271,-33886.31278,83.01006979,12.46979753,0.0589255651,0.009743419979
27600,138000,-33800.02659,-33875.68941,75.66281728,11.36609106,0.06100529093,0.01054896911
28200,141000,-33787.35762,-33866.73101,79.37338642,11.92349387,0.06308501675,0.01101702462
28800,144000,-33709.94074,-33872.17711,162.2363702,24.37119608,0.06516474258,0.007747945091
29400,147000,-33252.29119,-33531.05437,278.7631822,41.87588866,0.06724446841,0.003149529772
30000,150000,-34011.65384,-34331.8619,320.2080557,48.10174997,0.06932419423,0.002284553499
30600,153000,-33863.23839,-34213.15267,349.9142855,52.56422869,0.07140392006,0.00255261928
31200,156000,-34077.43874,-34428.21167,350.7729283,52.69321428,0.07348364589,0.003687908573
31800,159000,-34251.86301,-34603.152,351.2889865,52.7707367,0.07556337171,0.005214666873
32400,162000,-34082.30935,-34437.99684,355.6874866,53.4314807,0.07764309754,0.004887238807
33000,165000,-33635.66166,-34007.0482,371.3865406,55.78979729,0.07972282337,0.004186742176
33600,168000,-33027.62803,-33393.44092,365.8128835,54.95252085,0.0818025492,0.003730724502
34200,171000,-32842.25802,-33216.46223,374.2042091,56.2130683,0.08388227502,0.004044422743
34800,174000,-32756.1566,-33124.32033,368.1637322,55.30566605,0.08596200085,0.0052047582
35400,177000,-32813.82813,-33195.82347,381.9953385,57.38345409,0.08804172668,0.005356300414
36000,180000,-33079.45657,-33465.35164,385.8950643,57.96927207,0.0901214525,0.005310905714
36600,183000,-32694.35517,-33089.42178,395.0666125,59.34702478,0.09220117833,0.004440956232
37200,186000,-32453.61926,-32856.96836,403.3491085,60.59122381,0.09428090416,0.003912552276
37800,189000,-32273.47609,-32678.99588,405.5197893,60.91730412,0.09636062998,0.004477651228
38400,192000,-32304.14477,-32717.72281,413.5780448,62.12781767,0.09844035581,0.004641455524
39000,195000,-32435.0021,-32851.18358,416.1814831,62.51890697,0.1005200816,0.005409643053
39600,198000,-32648.25939,-33076.87041,428.6110268,64.38607674,0.1025998075,0.004968972573
40200,201000,-32707.85683,-33138.8873,431.0304681,64.74952594,0.1046795333,0.004875414464
40800,204000,-32581.27899,-33017.96998,436.6909921,65.59985154,0.1067592591,0.004755841658
41400,207000,-32552.60164,-32989.71758,437.1159419,65.66368762,0.1088389849,0.004917105559
42000,210000,-32780.41388,-33214.7755,434.3616227,65.24993297,0.1109187108,0.005652262818
42600,213000,-33064.11507,-33513.62588,449.5108061,67.52564784,0.1129984366,0.005198311639
43200,216000,-32797.53421,-33249.11927,451.5850595,67.8372428,0.1150781624,0.005250206414
43800,219000,-32699.09838,-33150.71578,451.6173968,67.84210051,0.1171578883,0.005040322623
44400,222000,-32485.66704,-32936.0394,450.3723546,67.6550699,0.1192376141,0.004578178033
45000,225000,-32475.07116,-32933.06366,457.9925054,68.79977125,0.1213173399,0.005068382664
45600,228000,-32738.79627,-33207.81647,469.0201998,70.45635479,0.1233970657,0.005082679272
46200,231000,-33175.15903,-33643.68396,468.5249374,70.38195633,0.1254767916,0.005378113419
46800,234000,-33161.06528,-33640.3304,479.2651145,71.99534894,0.1275565174,0.004932944245
47400,237000,-33055.17934,-33539.08922,483.9098783,72.69308676,0.1296362432,0.005135705726
48000,240000,-33052.74009,-33531.93197,479.1918791,71.98434751,0.131715969,0.005318904695
48600,243000,-33057.90025,-33542.51521,484.6149557,72.7990037,0.1337956949,0.005173833336
49200,246000,-32649.60703,-33143.20223,493.5952014,74.14801889,0.1358754207,0.005605521733
49800,249000,-32758.39093,-33263.96432,505.5733876,75.94738562,0.1379551465,0.005182306072
50400,252000,-32921.05761,-33440.99122,519.9336151,78.10458328,0.1400348724,0.005091990526
51000,255000,-32650.11055,-33170.19951,520.0889606,78.12791933,0.1421145982,0.004800936088
51600,258000,-32812.08874,-33341.63793,529.549191,79.54903797,0.144194324,0.004742511704
52200,261000,-32777.32118,-33318.1993,540.8781134,81.25087208,0.1462740498,0.004827863709
52800,264000,-33104.07849,-33664.41572,560.337233,84.17402685,0.1483537757,0.004468785959
53400,267000,-33337.57533,-33898.45316,560.8778231,84.25523446,0.1504335015,0.004621057224
54000,270000,-33187.10934,-33753.97569,566.8663447,85.15483197,0.1525132273,0.004437447237
54600,273000,-33242.22952,-33821.59124,579.3617148,87.03189021,0.1545929531,0.004533247577
55200,276000,-33374.84982,-33960.0673,585.2174735,87.91154403,0.156672679,0.004735355693
55800,279000,-33691.71476,-34275.51516,583.8003996,87.69867076,0.1587524048,0.00497341457
56400,282000,-33629.17073,-34207.8043,578.6335691,86.92250794,0.1608321306,0.00533648171
57000,285000,-33918.8545,-34506.10304,587.2485459,88.21665234,0.1629118564,0.004964056147
57600,288000,-33727.16746,-34330.45366,603.2861922,90.62583236,0.1649915823,0.004881088944
58200,291000,-33639.95949,-34255.9001,615.9406084,92.52678255,0.1670713081,0.004513797294
58800,294000,-33345.45874,-33969.97727,624.518525,93.81535976,0.1691510339,0.004578368926
59400,297000,-33245.57267,-33879.91201,634.3393414,95.29064573,0.1712307598,0.004654942181
60000,300000,-33170.4642,-33815.34509,644.8808823,96.87419917,0.1733104856,0.004642188442

============================= JOB FEEDBACK =============================

NodeName=uc2n284
Job ID: 22558286
Cluster: uc2
User/Group: fr_jf463/fr_fr
State: COMPLETED (exit code 0)
Nodes: 1
Cores per node: 80
CPU Utilized: 4-18:35:54
CPU Efficiency: 49.68% of 9-14:40:00 core-walltime
Job Wall-clock time: 02:53:00
Memory Utilized: 64.99 GB
Memory Efficiency: 73.95% of 87.89 GB
